abr. 30, 2025 11:17:47 AM liquibase.changelog
INFORMAÇÕES: Reading resource: db/changelog/migrations/db.changelog-202504291025.sql
abr. 30, 2025 11:17:47 AM liquibase.changelog
INFORMAÇÕES: Reading resource: db/changelog/migrations/db.changelog-202504291134.sql
abr. 30, 2025 11:17:47 AM liquibase.changelog
INFORMAÇÕES: Reading resource: db/changelog/migrations/db.changelog-202504291142.sql
abr. 30, 2025 11:17:47 AM liquibase.changelog
INFORMAÇÕES: Reading resource: db/changelog/migrations/db.changelog-202504291147.sql
abr. 30, 2025 11:17:47 AM liquibase.changelog
INFORMAÇÕES: Reading from board.DATABASECHANGELOG
Database is up to date, no changesets to execute
abr. 30, 2025 11:17:47 AM liquibase.changelog
INFORMAÇÕES: Reading from board.DATABASECHANGELOG

UPDATE SUMMARY
Run:                          0
Previously run:               4
Filtered out:                 0
-------------------------------
Total change sets:            4

abr. 30, 2025 11:17:47 AM liquibase.util
INFORMAÇÕES: UPDATE SUMMARY
abr. 30, 2025 11:17:47 AM liquibase.util
INFORMAÇÕES: Run:                          0
abr. 30, 2025 11:17:47 AM liquibase.util
INFORMAÇÕES: Previously run:               4
abr. 30, 2025 11:17:47 AM liquibase.util
INFORMAÇÕES: Filtered out:                 0
abr. 30, 2025 11:17:47 AM liquibase.util
INFORMAÇÕES: -------------------------------
abr. 30, 2025 11:17:47 AM liquibase.util
INFORMAÇÕES: Total change sets:            4
abr. 30, 2025 11:17:47 AM liquibase.util
INFORMAÇÕES: Update summary generated
abr. 30, 2025 11:17:47 AM liquibase.lockservice
INFORMAÇÕES: Successfully released change log lock
abr. 30, 2025 11:17:47 AM liquibase.command
INFORMAÇÕES: Command execution complete
